# JRE version: Java(TM) SE Runtime Environment (8.0_191-b12) (build 1.8.0_191-b12)
# Java VM: Java HotSpot(TM) 64-Bit Server VM (25.191-b12 mixed mode windows-amd64 compressed oops)
Heap:
 PSYoungGen      total 171008K, used 65184K [0x00000000f0000000, 0x0000000100000000, 0x0000000100000000)
  eden space 88064K, 0% used [0x00000000f0000000,0x00000000f0000000,0x00000000f5600000)
  from space 82944K, 78% used [0x00000000faf00000,0x00000000feea8000,0x0000000100000000)
  to   space 87040K, 0% used [0x00000000f5600000,0x00000000f5600000,0x00000000fab00000)
 ParOldGen       total 524288K, used 237554K [0x00000000d0000000, 0x00000000f0000000, 0x00000000f0000000)
  object space 524288K, 45% used [0x00000000d0000000,0x00000000de7fc8d0,0x00000000f0000000)
 Metaspace       used 97563K, capacity 98504K, committed 98600K, reserved 1140736K
  class space    used 6330K, capacity 6544K, committed 6576K, reserved 1048576K
GC Heap History (10 events):
Event: 14.934 GC heap after
Heap after GC invocations=29 (full 3):
 PSYoungGen      total 176640K, used 1324K [0x00000000f0000000, 0x0000000100000000, 0x0000000100000000)
  eden space 89600K, 0% used [0x00000000f0000000,0x00000000f0000000,0x00000000f5780000)
  from space 87040K, 1% used [0x00000000fab00000,0x00000000fac4b100,0x0000000100000000)
  to   space 85504K, 0% used [0x00000000f5780000,0x00000000f5780000,0x00000000fab00000)
 ParOldGen       total 524288K, used 237530K [0x00000000d0000000, 0x00000000f0000000, 0x00000000f0000000)
  object space 524288K, 45% used [0x00000000d0000000,0x00000000de7f68d0,0x00000000f0000000)
 Metaspace       used 91990K, capacity 92840K, committed 93104K, reserved 1136640K
  class space    used 6065K, capacity 6270K, committed 6320K, reserved 1048576K
}
Event: 15.228 GC heap before
{Heap before GC invocations=30 (full 3):
 PSYoungGen      total 176640K, used 90924K [0x00000000f0000000, 0x0000000100000000, 0x0000000100000000)
  eden space 89600K, 100% used [0x00000000f0000000,0x00000000f5780000,0x00000000f5780000)
  from space 87040K, 1% used [0x00000000fab00000,0x00000000fac4b100,0x0000000100000000)
  to   space 85504K, 0% used [0x00000000f5780000,0x00000000f5780000,0x00000000fab00000)
 ParOldGen       total 524288K, used 237530K [0x00000000d0000000, 0x00000000f0000000, 0x00000000f0000000)
  object space 524288K, 45% used [0x00000000d0000000,0x00000000de7f68d0,0x00000000f0000000)
 Metaspace       used 93276K, capacity 94262K, committed 94512K, reserved 1136640K
  class space    used 6177K, capacity 6411K, committed 6448K, reserved 1048576K
Event: 15.235 GC heap after
Heap after GC invocations=30 (full 3):
 PSYoungGen      total 175104K, used 11402K [0x00000000f0000000, 0x0000000100000000, 0x0000000100000000)
  eden space 89600K, 0% used [0x00000000f0000000,0x00000000f0000000,0x00000000f5780000)
  from space 85504K, 13% used [0x00000000f5780000,0x00000000f62a2be0,0x00000000fab00000)
  to   space 80896K, 0% used [0x00000000fb100000,0x00000000fb100000,0x0000000100000000)
 ParOldGen       total 524288K, used 237538K [0x00000000d0000000, 0x00000000f0000000, 0x00000000f0000000)
  object space 524288K, 45% used [0x00000000d0000000,0x00000000de7f88d0,0x00000000f0000000)
 Metaspace       used 93276K, capacity 94262K, committed 94512K, reserved 1136640K
  class space    used 6177K, capacity 6411K, committed 6448K, reserved 1048576K
}
Event: 15.557 GC heap before
{Heap before GC invocations=31 (full 3):
 PSYoungGen      total 175104K, used 95033K [0x00000000f0000000, 0x0000000100000000, 0x0000000100000000)
  eden space 89600K, 93% used [0x00000000f0000000,0x00000000f51abbb8,0x00000000f5780000)
  from space 85504K, 13% used [0x00000000f5780000,0x00000000f62a2be0,0x00000000fab00000)
  to   space 80896K, 0% used [0x00000000fb100000,0x00000000fb100000,0x0000000100000000)
 ParOldGen       total 524288K, used 237538K [0x00000000d0000000, 0x00000000f0000000, 0x00000000f0000000)
  object space 524288K, 45% used [0x00000000d0000000,0x00000000de7f88d0,0x00000000f0000000)
 Metaspace       used 94723K, capacity 95708K, committed 95792K, reserved 1138688K
  class space    used 6228K, capacity 6444K, committed 6448K, reserved 1048576K
Event: 15.573 GC heap after
Heap after GC invocations=31 (full 3):
 PSYoungGen      total 183808K, used 29696K [0x00000000f0000000, 0x0000000100000000, 0x0000000100000000)
  eden space 102912K, 0% used [0x00000000f0000000,0x00000000f0000000,0x00000000f6480000)
  from space 80896K, 36% used [0x00000000fb100000,0x00000000fce00000,0x0000000100000000)
  to   space 78336K, 0% used [0x00000000f6480000,0x00000000f6480000,0x00000000fb100000)
 ParOldGen       total 524288K, used 237546K [0x00000000d0000000, 0x00000000f0000000, 0x00000000f0000000)
  object space 524288K, 45% used [0x00000000d0000000,0x00000000de7fa8d0,0x00000000f0000000)
 Metaspace       used 94723K, capacity 95708K, committed 95792K, reserved 1138688K
  class space    used 6228K, capacity 6444K, committed 6448K, reserved 1048576K
}
Event: 15.913 GC heap before
{Heap before GC invocations=32 (full 3):
 PSYoungGen      total 183808K, used 132608K [0x00000000f0000000, 0x0000000100000000, 0x0000000100000000)
  eden space 102912K, 100% used [0x00000000f0000000,0x00000000f6480000,0x00000000f6480000)
  from space 80896K, 36% used [0x00000000fb100000,0x00000000fce00000,0x0000000100000000)
  to   space 78336K, 0% used [0x00000000f6480000,0x00000000f6480000,0x00000000fb100000)
 ParOldGen       total 524288K, used 237546K [0x00000000d0000000, 0x00000000f0000000, 0x00000000f0000000)
  object space 524288K, 45% used [0x00000000d0000000,0x00000000de7fa8d0,0x00000000f0000000)
 Metaspace       used 96398K, capacity 97384K, committed 97456K, reserved 1140736K
  class space    used 6288K, capacity 6512K, committed 6576K, reserved 1048576K
Event: 15.937 GC heap after
Heap after GC invocations=32 (full 3):
 PSYoungGen      total 153600K, used 50576K [0x00000000f0000000, 0x0000000100000000, 0x0000000100000000)
  eden space 102912K, 0% used [0x00000000f0000000,0x00000000f0000000,0x00000000f6480000)
  from space 50688K, 99% used [0x00000000f6480000,0x00000000f95e4120,0x00000000f9600000)
  to   space 82944K, 0% used [0x00000000faf00000,0x00000000faf00000,0x0000000100000000)
 ParOldGen       total 524288K, used 237554K [0x00000000d0000000, 0x00000000f0000000, 0x00000000f0000000)
  object space 524288K, 45% used [0x00000000d0000000,0x00000000de7fc8d0,0x00000000f0000000)
 Metaspace       used 96398K, capacity 97384K, committed 97456K, reserved 1140736K
  class space    used 6288K, capacity 6512K, committed 6576K, reserved 1048576K
}
Event: 16.180 GC heap before
{Heap before GC invocations=33 (full 3):
 PSYoungGen      total 153600K, used 117961K [0x00000000f0000000, 0x0000000100000000, 0x0000000100000000)
  eden space 102912K, 65% used [0x00000000f0000000,0x00000000f41ce660,0x00000000f6480000)
  from space 50688K, 99% used [0x00000000f6480000,0x00000000f95e4120,0x00000000f9600000)
  to   space 82944K, 0% used [0x00000000faf00000,0x00000000faf00000,0x0000000100000000)
 ParOldGen       total 524288K, used 237554K [0x00000000d0000000, 0x00000000f0000000, 0x00000000f0000000)
  object space 524288K, 45% used [0x00000000d0000000,0x00000000de7fc8d0,0x00000000f0000000)
 Metaspace       used 97563K, capacity 98504K, committed 98600K, reserved 1140736K
  class space    used 6330K, capacity 6544K, committed 6576K, reserved 1048576K
Event: 16.210 GC heap after
Heap after GC invocations=33 (full 3):
 PSYoungGen      total 171008K, used 65184K [0x00000000f0000000, 0x0000000100000000, 0x0000000100000000)
  eden space 88064K, 0% used [0x00000000f0000000,0x00000000f0000000,0x00000000f5600000)
  from space 82944K, 78% used [0x00000000faf00000,0x00000000feea8000,0x0000000100000000)
  to   space 87040K, 0% used [0x00000000f5600000,0x00000000f5600000,0x00000000fab00000)
 ParOldGen       total 524288K, used 237554K [0x00000000d0000000, 0x00000000f0000000, 0x00000000f0000000)
  object space 524288K, 45% used [0x00000000d0000000,0x00000000de7fc8d0,0x00000000f0000000)
 Metaspace       used 97563K, capacity 98504K, committed 98600K, reserved 1140736K
  class space    used 6330K, capacity 6544K, committed 6576K, reserved 1048576K
}
Event: 16.210 GC heap before
{Heap before GC invocations=34 (full 4):
 PSYoungGen      total 171008K, used 65184K [0x00000000f0000000, 0x0000000100000000, 0x0000000100000000)
  eden space 88064K, 0% used [0x00000000f0000000,0x00000000f0000000,0x00000000f5600000)
  from space 82944K, 78% used [0x00000000faf00000,0x00000000feea8000,0x0000000100000000)
  to   space 87040K, 0% used [0x00000000f5600000,0x00000000f5600000,0x00000000fab00000)
 ParOldGen       total 524288K, used 237554K [0x00000000d0000000, 0x00000000f0000000, 0x00000000f0000000)
  object space 524288K, 45% used [0x00000000d0000000,0x00000000de7fc8d0,0x00000000f0000000)
 Metaspace       used 97563K, capacity 98504K, committed 98600K, reserved 1140736K
  class space    used 6330K, capacity 6544K, committed 6576K, reserved 1048576K

